<?xml version="1.0" encoding="UTF-8"?>
<!-- Generated by org.testng.reporters.JUnitReportReporter -->
<testsuite hostname="DESKTOP-H0PI4DT" failures="0" tests="1" name="ddtNopCom.ReadDataExample" time="0.044" errors="0" timestamp="2022-12-07T11:59:50 IST" skipped="0">
  <testcase classname="ddtNopCom.ReadDataExample" name="sampleTest" time="0.044"/>
  <system-out/>
</testsuite> <!-- ddtNopCom.ReadDataExample -->
