<?xml version="1.0" encoding="UTF-8"?>
<!-- Generated by org.testng.reporters.JUnitReportReporter -->
<testsuite hostname="DESKTOP-QNHJ5Q7" name="exercise.GoogleTest" tests="1" failures="0" timestamp="12 Dec 2022 06:02:21 GMT" time="7.243" errors="0">
  <testcase name="searchTest" time="7.243" classname="exercise.GoogleTest"/>
</testsuite> <!-- exercise.GoogleTest -->
