<?xml version="1.0" encoding="UTF-8"?>
<!-- Generated by org.testng.reporters.JUnitReportReporter -->
<testsuite hostname="DESKTOP-QNHJ5Q7" name="excelFileExample.RegisterStudentExcelTest" tests="1" failures="0" timestamp="12 Dec 2022 06:06:59 GMT" time="206.160" errors="0">
  <testcase name="RegistrationDataDrivernTest" time="206.160" classname="excelFileExample.RegisterStudentExcelTest"/>
</testsuite> <!-- excelFileExample.RegisterStudentExcelTest -->
